
> itqan-cms@0.1.0 build
> next build --turbopack

   ▲ Next.js 15.5.0 (Turbopack)
   - Experiments (use with caution):
     · optimizePackageImports

   Creating an optimized production build ...
 ✓ Finished writing to disk in 220ms

> Build error occurred
Error: Turbopack build failed with 14 errors:
./src/components/publisher/publisher-profile.tsx:25:1
Export convertListAssetToAsset doesn't exist in target module
[0m [90m 23 |[39m [36mimport[39m { cn } [36mfrom[39m [32m'@/lib/utils'[39m[33m;[39m
 [90m 24 |[39m [36mimport[39m { getPublisherDetails[33m,[39m getAssets } [36mfrom[39m [32m'@/lib/api'[39m[33m;[39m
[31m[1m>[22m[39m[90m 25 |[39m [36mimport[39m { convertListAssetToAsset } [36mfrom[39m [32m'@/lib/utils'[39m[33m;[39m
 [90m    |[39m [31m[1m^[22m[39m[31m[1m^[22m[39m[31m[1m^[22m[39m[31m[1m^[22m[39m[31m[1m^[22m[39m[31m[1m^[22m[39m[31m[1m^[22m[39m[31m[1m^[22m[39m[31m[1m^[22m[39m[31m[1m^[22m[39m[31m[1m^[22m[39m[31m[1m^[22m[39m[31m[1m^[22m[39m[31m[1m^[22m[39m[31m[1m^[22m[39m[31m[1m^[22m[39m[31m[1m^[22m[39m[31m[1m^[22m[39m[31m[1m^[22m[39m[31m[1m^[22m[39m[31m[1m^[22m[39m[31m[1m^[22m[39m[31m[1m^[22m[39m[31m[1m^[22m[39m[31m[1m^[22m[39m[31m[1m^[22m[39m[31m[1m^[22m[39m[31m[1m^[22m[39m[31m[1m^[22m[39m[31m[1m^[22m[39m[31m[1m^[22m[39m[31m[1m^[22m[39m[31m[1m^[22m[39m[31m[1m^[22m[39m[31m[1m^[22m[39m[31m[1m^[22m[39m[31m[1m^[22m[39m[31m[1m^[22m[39m[31m[1m^[22m[39m[31m[1m^[22m[39m[31m[1m^[22m[39m[31m[1m^[22m[39m[31m[1m^[22m[39m[31m[1m^[22m[39m[31m[1m^[22m[39m[31m[1m^[22m[39m[31m[1m^[22m[39m[31m[1m^[22m[39m[31m[1m^[22m[39m[31m[1m^[22m[39m[31m[1m^[22m[39m[31m[1m^[22m[39m[31m[1m^[22m[39m[31m[1m^[22m[39m
 [90m 26 |[39m [36mimport[39m { tokenStorage } [36mfrom[39m [32m'@/lib/auth'[39m[33m;[39m
 [90m 27 |[39m [36mimport[39m { env } [36mfrom[39m [32m'../../lib/env'[39m[33m;[39m
 [90m 28 |[39m [36mimport[39m type { [33mDetailPublisherOut[39m } [36mfrom[39m [32m'@/lib/types'[39m[33m;[39m[0m

The export convertListAssetToAsset was not found in module [project]/src/lib/utils.ts [app-client] (ecmascript).
Did you mean to import cn?
All exports of the module are statically known (It doesn't have dynamic exports). So it's known statically that the requested export doesn't exist.


./src/components/publisher/publisher-profile.tsx:25:1
Export convertListAssetToAsset doesn't exist in target module
[0m [90m 23 |[39m [36mimport[39m { cn } [36mfrom[39m [32m'@/lib/utils'[39m[33m;[39m
 [90m 24 |[39m [36mimport[39m { getPublisherDetails[33m,[39m getAssets } [36mfrom[39m [32m'@/lib/api'[39m[33m;[39m
[31m[1m>[22m[39m[90m 25 |[39m [36mimport[39m { convertListAssetToAsset } [36mfrom[39m [32m'@/lib/utils'[39m[33m;[39m
 [90m    |[39m [31m[1m^[22m[39m[31m[1m^[22m[39m[31m[1m^[22m[39m[31m[1m^[22m[39m[31m[1m^[22m[39m[31m[1m^[22m[39m[31m[1m^[22m[39m[31m[1m^[22m[39m[31m[1m^[22m[39m[31m[1m^[22m[39m[31m[1m^[22m[39m[31m[1m^[22m[39m[31m[1m^[22m[39m[31m[1m^[22m[39m[31m[1m^[22m[39m[31m[1m^[22m[39m[31m[1m^[22m[39m[31m[1m^[22m[39m[31m[1m^[22m[39m[31m[1m^[22m[39m[31m[1m^[22m[39m[31m[1m^[22m[39m[31m[1m^[22m[39m[31m[1m^[22m[39m[31m[1m^[22m[39m[31m[1m^[22m[39m[31m[1m^[22m[39m[31m[1m^[22m[39m[31m[1m^[22m[39m[31m[1m^[22m[39m[31m[1m^[22m[39m[31m[1m^[22m[39m[31m[1m^[22m[39m[31m[1m^[22m[39m[31m[1m^[22m[39m[31m[1m^[22m[39m[31m[1m^[22m[39m[31m[1m^[22m[39m[31m[1m^[22m[39m[31m[1m^[22m[39m[31m[1m^[22m[39m[31m[1m^[22m[39m[31m[1m^[22m[39m[31m[1m^[22m[39m[31m[1m^[22m[39m[31m[1m^[22m[39m[31m[1m^[22m[39m[31m[1m^[22m[39m[31m[1m^[22m[39m[31m[1m^[22m[39m[31m[1m^[22m[39m[31m[1m^[22m[39m[31m[1m^[22m[39m[31m[1m^[22m[39m
 [90m 26 |[39m [36mimport[39m { tokenStorage } [36mfrom[39m [32m'@/lib/auth'[39m[33m;[39m
 [90m 27 |[39m [36mimport[39m { env } [36mfrom[39m [32m'../../lib/env'[39m[33m;[39m
 [90m 28 |[39m [36mimport[39m type { [33mDetailPublisherOut[39m } [36mfrom[39m [32m'@/lib/types'[39m[33m;[39m[0m

The export convertListAssetToAsset was not found in module [project]/src/lib/utils.ts [app-ssr] (ecmascript).
Did you mean to import cn?
All exports of the module are statically known (It doesn't have dynamic exports). So it's known statically that the requested export doesn't exist.


./src/components/store/asset-store.tsx:24:1
Export convertListAssetToAsset doesn't exist in target module
[0m [90m 22 |[39m [36mimport[39m { cn } [36mfrom[39m [32m'@/lib/utils'[39m[33m;[39m
 [90m 23 |[39m [36mimport[39m { getAssets } [36mfrom[39m [32m'@/lib/api'[39m[33m;[39m
[31m[1m>[22m[39m[90m 24 |[39m [36mimport[39m { convertListAssetToAsset } [36mfrom[39m [32m'@/lib/utils'[39m[33m;[39m
 [90m    |[39m [31m[1m^[22m[39m[31m[1m^[22m[39m[31m[1m^[22m[39m[31m[1m^[22m[39m[31m[1m^[22m[39m[31m[1m^[22m[39m[31m[1m^[22m[39m[31m[1m^[22m[39m[31m[1m^[22m[39m[31m[1m^[22m[39m[31m[1m^[22m[39m[31m[1m^[22m[39m[31m[1m^[22m[39m[31m[1m^[22m[39m[31m[1m^[22m[39m[31m[1m^[22m[39m[31m[1m^[22m[39m[31m[1m^[22m[39m[31m[1m^[22m[39m[31m[1m^[22m[39m[31m[1m^[22m[39m[31m[1m^[22m[39m[31m[1m^[22m[39m[31m[1m^[22m[39m[31m[1m^[22m[39m[31m[1m^[22m[39m[31m[1m^[22m[39m[31m[1m^[22m[39m[31m[1m^[22m[39m[31m[1m^[22m[39m[31m[1m^[22m[39m[31m[1m^[22m[39m[31m[1m^[22m[39m[31m[1m^[22m[39m[31m[1m^[22m[39m[31m[1m^[22m[39m[31m[1m^[22m[39m[31m[1m^[22m[39m[31m[1m^[22m[39m[31m[1m^[22m[39m[31m[1m^[22m[39m[31m[1m^[22m[39m[31m[1m^[22m[39m[31m[1m^[22m[39m[31m[1m^[22m[39m[31m[1m^[22m[39m[31m[1m^[22m[39m[31m[1m^[22m[39m[31m[1m^[22m[39m[31m[1m^[22m[39m[31m[1m^[22m[39m[31m[1m^[22m[39m[31m[1m^[22m[39m[31m[1m^[22m[39m
 [90m 25 |[39m [36mimport[39m { tokenStorage } [36mfrom[39m [32m'@/lib/auth'[39m[33m;[39m
 [90m 26 |[39m
 [90m 27 |[39m [36minterface[39m [33mAsset[39m {[0m

The export convertListAssetToAsset was not found in module [project]/src/lib/utils.ts [app-client] (ecmascript).
Did you mean to import cn?
All exports of the module are statically known (It doesn't have dynamic exports). So it's known statically that the requested export doesn't exist.


./src/components/store/asset-store.tsx:24:1
Export convertListAssetToAsset doesn't exist in target module
[0m [90m 22 |[39m [36mimport[39m { cn } [36mfrom[39m [32m'@/lib/utils'[39m[33m;[39m
 [90m 23 |[39m [36mimport[39m { getAssets } [36mfrom[39m [32m'@/lib/api'[39m[33m;[39m
[31m[1m>[22m[39m[90m 24 |[39m [36mimport[39m { convertListAssetToAsset } [36mfrom[39m [32m'@/lib/utils'[39m[33m;[39m
 [90m    |[39m [31m[1m^[22m[39m[31m[1m^[22m[39m[31m[1m^[22m[39m[31m[1m^[22m[39m[31m[1m^[22m[39m[31m[1m^[22m[39m[31m[1m^[22m[39m[31m[1m^[22m[39m[31m[1m^[22m[39m[31m[1m^[22m[39m[31m[1m^[22m[39m[31m[1m^[22m[39m[31m[1m^[22m[39m[31m[1m^[22m[39m[31m[1m^[22m[39m[31m[1m^[22m[39m[31m[1m^[22m[39m[31m[1m^[22m[39m[31m[1m^[22m[39m[31m[1m^[22m[39m[31m[1m^[22m[39m[31m[1m^[22m[39m[31m[1m^[22m[39m[31m[1m^[22m[39m[31m[1m^[22m[39m[31m[1m^[22m[39m[31m[1m^[22m[39m[31m[1m^[22m[39m[31m[1m^[22m[39m[31m[1m^[22m[39m[31m[1m^[22m[39m[31m[1m^[22m[39m[31m[1m^[22m[39m[31m[1m^[22m[39m[31m[1m^[22m[39m[31m[1m^[22m[39m[31m[1m^[22m[39m[31m[1m^[22m[39m[31m[1m^[22m[39m[31m[1m^[22m[39m[31m[1m^[22m[39m[31m[1m^[22m[39m[31m[1m^[22m[39m[31m[1m^[22m[39m[31m[1m^[22m[39m[31m[1m^[22m[39m[31m[1m^[22m[39m[31m[1m^[22m[39m[31m[1m^[22m[39m[31m[1m^[22m[39m[31m[1m^[22m[39m[31m[1m^[22m[39m[31m[1m^[22m[39m[31m[1m^[22m[39m
 [90m 25 |[39m [36mimport[39m { tokenStorage } [36mfrom[39m [32m'@/lib/auth'[39m[33m;[39m
 [90m 26 |[39m
 [90m 27 |[39m [36minterface[39m [33mAsset[39m {[0m

The export convertListAssetToAsset was not found in module [project]/src/lib/utils.ts [app-ssr] (ecmascript).
Did you mean to import cn?
All exports of the module are statically known (It doesn't have dynamic exports). So it's known statically that the requested export doesn't exist.


./src/lib/auth.ts:10:1
Export convertUserProfileToUser doesn't exist in target module
[0m [90m  8 |[39m } [36mfrom[39m [32m'@/lib/api'[39m[33m;[39m
 [90m  9 |[39m
[31m[1m>[22m[39m[90m 10 |[39m [36mimport[39m { convertUserProfileToUser } [36mfrom[39m [32m'@/lib/utils'[39m[33m;[39m
 [90m    |[39m [31m[1m^[22m[39m[31m[1m^[22m[39m[31m[1m^[22m[39m[31m[1m^[22m[39m[31m[1m^[22m[39m[31m[1m^[22m[39m[31m[1m^[22m[39m[31m[1m^[22m[39m[31m[1m^[22m[39m[31m[1m^[22m[39m[31m[1m^[22m[39m[31m[1m^[22m[39m[31m[1m^[22m[39m[31m[1m^[22m[39m[31m[1m^[22m[39m[31m[1m^[22m[39m[31m[1m^[22m[39m[31m[1m^[22m[39m[31m[1m^[22m[39m[31m[1m^[22m[39m[31m[1m^[22m[39m[31m[1m^[22m[39m[31m[1m^[22m[39m[31m[1m^[22m[39m[31m[1m^[22m[39m[31m[1m^[22m[39m[31m[1m^[22m[39m[31m[1m^[22m[39m[31m[1m^[22m[39m[31m[1m^[22m[39m[31m[1m^[22m[39m[31m[1m^[22m[39m[31m[1m^[22m[39m[31m[1m^[22m[39m[31m[1m^[22m[39m[31m[1m^[22m[39m[31m[1m^[22m[39m[31m[1m^[22m[39m[31m[1m^[22m[39m[31m[1m^[22m[39m[31m[1m^[22m[39m[31m[1m^[22m[39m[31m[1m^[22m[39m[31m[1m^[22m[39m[31m[1m^[22m[39m[31m[1m^[22m[39m[31m[1m^[22m[39m[31m[1m^[22m[39m[31m[1m^[22m[39m[31m[1m^[22m[39m[31m[1m^[22m[39m[31m[1m^[22m[39m[31m[1m^[22m[39m[31m[1m^[22m[39m[31m[1m^[22m[39m
 [90m 11 |[39m
 [90m 12 |[39m [36mimport[39m type {
 [90m 13 |[39m   [33mTokenResponseSchema[39m[33m,[39m[0m

The export convertUserProfileToUser was not found in module [project]/src/lib/utils.ts [app-client] (ecmascript).
Did you mean to import cn?
All exports of the module are statically known (It doesn't have dynamic exports). So it's known statically that the requested export doesn't exist.


./src/lib/auth.ts:10:1
Export convertUserProfileToUser doesn't exist in target module
[0m [90m  8 |[39m } [36mfrom[39m [32m'@/lib/api'[39m[33m;[39m
 [90m  9 |[39m
[31m[1m>[22m[39m[90m 10 |[39m [36mimport[39m { convertUserProfileToUser } [36mfrom[39m [32m'@/lib/utils'[39m[33m;[39m
 [90m    |[39m [31m[1m^[22m[39m[31m[1m^[22m[39m[31m[1m^[22m[39m[31m[1m^[22m[39m[31m[1m^[22m[39m[31m[1m^[22m[39m[31m[1m^[22m[39m[31m[1m^[22m[39m[31m[1m^[22m[39m[31m[1m^[22m[39m[31m[1m^[22m[39m[31m[1m^[22m[39m[31m[1m^[22m[39m[31m[1m^[22m[39m[31m[1m^[22m[39m[31m[1m^[22m[39m[31m[1m^[22m[39m[31m[1m^[22m[39m[31m[1m^[22m[39m[31m[1m^[22m[39m[31m[1m^[22m[39m[31m[1m^[22m[39m[31m[1m^[22m[39m[31m[1m^[22m[39m[31m[1m^[22m[39m[31m[1m^[22m[39m[31m[1m^[22m[39m[31m[1m^[22m[39m[31m[1m^[22m[39m[31m[1m^[22m[39m[31m[1m^[22m[39m[31m[1m^[22m[39m[31m[1m^[22m[39m[31m[1m^[22m[39m[31m[1m^[22m[39m[31m[1m^[22m[39m[31m[1m^[22m[39m[31m[1m^[22m[39m[31m[1m^[22m[39m[31m[1m^[22m[39m[31m[1m^[22m[39m[31m[1m^[22m[39m[31m[1m^[22m[39m[31m[1m^[22m[39m[31m[1m^[22m[39m[31m[1m^[22m[39m[31m[1m^[22m[39m[31m[1m^[22m[39m[31m[1m^[22m[39m[31m[1m^[22m[39m[31m[1m^[22m[39m[31m[1m^[22m[39m[31m[1m^[22m[39m[31m[1m^[22m[39m[31m[1m^[22m[39m
 [90m 11 |[39m
 [90m 12 |[39m [36mimport[39m type {
 [90m 13 |[39m   [33mTokenResponseSchema[39m[33m,[39m[0m

The export convertUserProfileToUser was not found in module [project]/src/lib/utils.ts [app-ssr] (ecmascript).
Did you mean to import cn?
All exports of the module are statically known (It doesn't have dynamic exports). So it's known statically that the requested export doesn't exist.


./src/lib/api/client/base.ts:10:1
Export getCurrentLocaleForHeaders doesn't exist in target module
[0m [90m  8 |[39m
 [90m  9 |[39m [36mimport[39m { env } [36mfrom[39m [32m'@/lib/env'[39m[33m;[39m
[31m[1m>[22m[39m[90m 10 |[39m [36mimport[39m { getCurrentLocaleForHeaders } [36mfrom[39m [32m'@/lib/locale-utils'[39m[33m;[39m
 [90m    |[39m [31m[1m^[22m[39m[31m[1m^[22m[39m[31m[1m^[22m[39m[31m[1m^[22m[39m[31m[1m^[22m[39m[31m[1m^[22m[39m[31m[1m^[22m[39m[31m[1m^[22m[39m[31m[1m^[22m[39m[31m[1m^[22m[39m[31m[1m^[22m[39m[31m[1m^[22m[39m[31m[1m^[22m[39m[31m[1m^[22m[39m[31m[1m^[22m[39m[31m[1m^[22m[39m[31m[1m^[22m[39m[31m[1m^[22m[39m[31m[1m^[22m[39m[31m[1m^[22m[39m[31m[1m^[22m[39m[31m[1m^[22m[39m[31m[1m^[22m[39m[31m[1m^[22m[39m[31m[1m^[22m[39m[31m[1m^[22m[39m[31m[1m^[22m[39m[31m[1m^[22m[39m[31m[1m^[22m[39m[31m[1m^[22m[39m[31m[1m^[22m[39m[31m[1m^[22m[39m[31m[1m^[22m[39m[31m[1m^[22m[39m[31m[1m^[22m[39m[31m[1m^[22m[39m[31m[1m^[22m[39m[31m[1m^[22m[39m[31m[1m^[22m[39m[31m[1m^[22m[39m[31m[1m^[22m[39m[31m[1m^[22m[39m[31m[1m^[22m[39m[31m[1m^[22m[39m[31m[1m^[22m[39m[31m[1m^[22m[39m[31m[1m^[22m[39m[31m[1m^[22m[39m[31m[1m^[22m[39m[31m[1m^[22m[39m[31m[1m^[22m[39m[31m[1m^[22m[39m[31m[1m^[22m[39m[31m[1m^[22m[39m[31m[1m^[22m[39m[31m[1m^[22m[39m[31m[1m^[22m[39m[31m[1m^[22m[39m[31m[1m^[22m[39m[31m[1m^[22m[39m[31m[1m^[22m[39m[31m[1m^[22m[39m[31m[1m^[22m[39m[31m[1m^[22m[39m
 [90m 11 |[39m [36mimport[39m { handleApiResponse } [36mfrom[39m [32m'./error-handler'[39m[33m;[39m
 [90m 12 |[39m
 [90m 13 |[39m [90m/**[39m[0m

The export getCurrentLocaleForHeaders was not found in module [project]/src/lib/locale-utils.ts [app-client] (ecmascript).
Did you mean to import validateLocaleForMetadata?
All exports of the module are statically known (It doesn't have dynamic exports). So it's known statically that the requested export doesn't exist.


./src/lib/api/client/base.ts:10:1
Export getCurrentLocaleForHeaders doesn't exist in target module
[0m [90m  8 |[39m
 [90m  9 |[39m [36mimport[39m { env } [36mfrom[39m [32m'@/lib/env'[39m[33m;[39m
[31m[1m>[22m[39m[90m 10 |[39m [36mimport[39m { getCurrentLocaleForHeaders } [36mfrom[39m [32m'@/lib/locale-utils'[39m[33m;[39m
 [90m    |[39m [31m[1m^[22m[39m[31m[1m^[22m[39m[31m[1m^[22m[39m[31m[1m^[22m[39m[31m[1m^[22m[39m[31m[1m^[22m[39m[31m[1m^[22m[39m[31m[1m^[22m[39m[31m[1m^[22m[39m[31m[1m^[22m[39m[31m[1m^[22m[39m[31m[1m^[22m[39m[31m[1m^[22m[39m[31m[1m^[22m[39m[31m[1m^[22m[39m[31m[1m^[22m[39m[31m[1m^[22m[39m[31m[1m^[22m[39m[31m[1m^[22m[39m[31m[1m^[22m[39m[31m[1m^[22m[39m[31m[1m^[22m[39m[31m[1m^[22m[39m[31m[1m^[22m[39m[31m[1m^[22m[39m[31m[1m^[22m[39m[31m[1m^[22m[39m[31m[1m^[22m[39m[31m[1m^[22m[39m[31m[1m^[22m[39m[31m[1m^[22m[39m[31m[1m^[22m[39m[31m[1m^[22m[39m[31m[1m^[22m[39m[31m[1m^[22m[39m[31m[1m^[22m[39m[31m[1m^[22m[39m[31m[1m^[22m[39m[31m[1m^[22m[39m[31m[1m^[22m[39m[31m[1m^[22m[39m[31m[1m^[22m[39m[31m[1m^[22m[39m[31m[1m^[22m[39m[31m[1m^[22m[39m[31m[1m^[22m[39m[31m[1m^[22m[39m[31m[1m^[22m[39m[31m[1m^[22m[39m[31m[1m^[22m[39m[31m[1m^[22m[39m[31m[1m^[22m[39m[31m[1m^[22m[39m[31m[1m^[22m[39m[31m[1m^[22m[39m[31m[1m^[22m[39m[31m[1m^[22m[39m[31m[1m^[22m[39m[31m[1m^[22m[39m[31m[1m^[22m[39m[31m[1m^[22m[39m[31m[1m^[22m[39m[31m[1m^[22m[39m[31m[1m^[22m[39m
 [90m 11 |[39m [36mimport[39m { handleApiResponse } [36mfrom[39m [32m'./error-handler'[39m[33m;[39m
 [90m 12 |[39m
 [90m 13 |[39m [90m/**[39m[0m

The export getCurrentLocaleForHeaders was not found in module [project]/src/lib/locale-utils.ts [app-ssr] (ecmascript).
Did you mean to import validateLocaleForMetadata?
All exports of the module are statically known (It doesn't have dynamic exports). So it's known statically that the requested export doesn't exist.


./src/components/auth/login-form.tsx:11:1
Export validateLoginForm doesn't exist in target module
[0m [90m  9 |[39m [36mimport[39m { useForm } [36mfrom[39m [32m'@/hooks/use-form'[39m[33m;[39m
 [90m 10 |[39m [36mimport[39m type { [33mLocale[39m } [36mfrom[39m [32m'@/i18n'[39m[33m;[39m
[31m[1m>[22m[39m[90m 11 |[39m [36mimport[39m { validateLoginForm } [36mfrom[39m [32m'@/lib/utils'[39m[33m;[39m
 [90m    |[39m [31m[1m^[22m[39m[31m[1m^[22m[39m[31m[1m^[22m[39m[31m[1m^[22m[39m[31m[1m^[22m[39m[31m[1m^[22m[39m[31m[1m^[22m[39m[31m[1m^[22m[39m[31m[1m^[22m[39m[31m[1m^[22m[39m[31m[1m^[22m[39m[31m[1m^[22m[39m[31m[1m^[22m[39m[31m[1m^[22m[39m[31m[1m^[22m[39m[31m[1m^[22m[39m[31m[1m^[22m[39m[31m[1m^[22m[39m[31m[1m^[22m[39m[31m[1m^[22m[39m[31m[1m^[22m[39m[31m[1m^[22m[39m[31m[1m^[22m[39m[31m[1m^[22m[39m[31m[1m^[22m[39m[31m[1m^[22m[39m[31m[1m^[22m[39m[31m[1m^[22m[39m[31m[1m^[22m[39m[31m[1m^[22m[39m[31m[1m^[22m[39m[31m[1m^[22m[39m[31m[1m^[22m[39m[31m[1m^[22m[39m[31m[1m^[22m[39m[31m[1m^[22m[39m[31m[1m^[22m[39m[31m[1m^[22m[39m[31m[1m^[22m[39m[31m[1m^[22m[39m[31m[1m^[22m[39m[31m[1m^[22m[39m[31m[1m^[22m[39m[31m[1m^[22m[39m[31m[1m^[22m[39m[31m[1m^[22m[39m[31m[1m^[22m[39m[31m[1m^[22m[39m
 [90m 12 |[39m [36mimport[39m { loginUser } [36mfrom[39m [32m'@/lib/auth'[39m[33m;[39m
 [90m 13 |[39m [36mimport[39m { useTranslations } [36mfrom[39m [32m'next-intl'[39m[33m;[39m
 [90m 14 |[39m[0m

The export validateLoginForm was not found in module [project]/src/lib/utils.ts [app-client] (ecmascript).
Did you mean to import downloadFileFromUrl?
All exports of the module are statically known (It doesn't have dynamic exports). So it's known statically that the requested export doesn't exist.


./src/components/auth/login-form.tsx:11:1
Export validateLoginForm doesn't exist in target module
[0m [90m  9 |[39m [36mimport[39m { useForm } [36mfrom[39m [32m'@/hooks/use-form'[39m[33m;[39m
 [90m 10 |[39m [36mimport[39m type { [33mLocale[39m } [36mfrom[39m [32m'@/i18n'[39m[33m;[39m
[31m[1m>[22m[39m[90m 11 |[39m [36mimport[39m { validateLoginForm } [36mfrom[39m [32m'@/lib/utils'[39m[33m;[39m
 [90m    |[39m [31m[1m^[22m[39m[31m[1m^[22m[39m[31m[1m^[22m[39m[31m[1m^[22m[39m[31m[1m^[22m[39m[31m[1m^[22m[39m[31m[1m^[22m[39m[31m[1m^[22m[39m[31m[1m^[22m[39m[31m[1m^[22m[39m[31m[1m^[22m[39m[31m[1m^[22m[39m[31m[1m^[22m[39m[31m[1m^[22m[39m[31m[1m^[22m[39m[31m[1m^[22m[39m[31m[1m^[22m[39m[31m[1m^[22m[39m[31m[1m^[22m[39m[31m[1m^[22m[39m[31m[1m^[22m[39m[31m[1m^[22m[39m[31m[1m^[22m[39m[31m[1m^[22m[39m[31m[1m^[22m[39m[31m[1m^[22m[39m[31m[1m^[22m[39m[31m[1m^[22m[39m[31m[1m^[22m[39m[31m[1m^[22m[39m[31m[1m^[22m[39m[31m[1m^[22m[39m[31m[1m^[22m[39m[31m[1m^[22m[39m[31m[1m^[22m[39m[31m[1m^[22m[39m[31m[1m^[22m[39m[31m[1m^[22m[39m[31m[1m^[22m[39m[31m[1m^[22m[39m[31m[1m^[22m[39m[31m[1m^[22m[39m[31m[1m^[22m[39m[31m[1m^[22m[39m[31m[1m^[22m[39m[31m[1m^[22m[39m[31m[1m^[22m[39m[31m[1m^[22m[39m
 [90m 12 |[39m [36mimport[39m { loginUser } [36mfrom[39m [32m'@/lib/auth'[39m[33m;[39m
 [90m 13 |[39m [36mimport[39m { useTranslations } [36mfrom[39m [32m'next-intl'[39m[33m;[39m
 [90m 14 |[39m[0m

The export validateLoginForm was not found in module [project]/src/lib/utils.ts [app-ssr] (ecmascript).
Did you mean to import downloadFileFromUrl?
All exports of the module are statically known (It doesn't have dynamic exports). So it's known statically that the requested export doesn't exist.


./src/components/auth/profile-completion-form.tsx:12:1
Export validateProfileCompletionForm doesn't exist in target module
[0m [90m 10 |[39m [36mimport[39m { useForm } [36mfrom[39m [32m'@/hooks/use-form'[39m[33m;[39m
 [90m 11 |[39m [36mimport[39m type { [33mLocale[39m } [36mfrom[39m [32m'@/i18n'[39m[33m;[39m
[31m[1m>[22m[39m[90m 12 |[39m [36mimport[39m { validateProfileCompletionForm } [36mfrom[39m [32m'@/lib/utils'[39m[33m;[39m
 [90m    |[39m [31m[1m^[22m[39m[31m[1m^[22m[39m[31m[1m^[22m[39m[31m[1m^[22m[39m[31m[1m^[22m[39m[31m[1m^[22m[39m[31m[1m^[22m[39m[31m[1m^[22m[39m[31m[1m^[22m[39m[31m[1m^[22m[39m[31m[1m^[22m[39m[31m[1m^[22m[39m[31m[1m^[22m[39m[31m[1m^[22m[39m[31m[1m^[22m[39m[31m[1m^[22m[39m[31m[1m^[22m[39m[31m[1m^[22m[39m[31m[1m^[22m[39m[31m[1m^[22m[39m[31m[1m^[22m[39m[31m[1m^[22m[39m[31m[1m^[22m[39m[31m[1m^[22m[39m[31m[1m^[22m[39m[31m[1m^[22m[39m[31m[1m^[22m[39m[31m[1m^[22m[39m[31m[1m^[22m[39m[31m[1m^[22m[39m[31m[1m^[22m[39m[31m[1m^[22m[39m[31m[1m^[22m[39m[31m[1m^[22m[39m[31m[1m^[22m[39m[31m[1m^[22m[39m[31m[1m^[22m[39m[31m[1m^[22m[39m[31m[1m^[22m[39m[31m[1m^[22m[39m[31m[1m^[22m[39m[31m[1m^[22m[39m[31m[1m^[22m[39m[31m[1m^[22m[39m[31m[1m^[22m[39m[31m[1m^[22m[39m[31m[1m^[22m[39m[31m[1m^[22m[39m[31m[1m^[22m[39m[31m[1m^[22m[39m[31m[1m^[22m[39m[31m[1m^[22m[39m[31m[1m^[22m[39m[31m[1m^[22m[39m[31m[1m^[22m[39m[31m[1m^[22m[39m[31m[1m^[22m[39m[31m[1m^[22m[39m[31m[1m^[22m[39m[31m[1m^[22m[39m
 [90m 13 |[39m [36mimport[39m { completeUserProfile } [36mfrom[39m [32m'@/lib/auth'[39m[33m;[39m
 [90m 14 |[39m [36mimport[39m { useTranslations } [36mfrom[39m [32m'next-intl'[39m[33m;[39m
 [90m 15 |[39m[0m

The export validateProfileCompletionForm was not found in module [project]/src/lib/utils.ts [app-client] (ecmascript).
Did you mean to import downloadFileFromUrl?
All exports of the module are statically known (It doesn't have dynamic exports). So it's known statically that the requested export doesn't exist.


./src/components/auth/profile-completion-form.tsx:12:1
Export validateProfileCompletionForm doesn't exist in target module
[0m [90m 10 |[39m [36mimport[39m { useForm } [36mfrom[39m [32m'@/hooks/use-form'[39m[33m;[39m
 [90m 11 |[39m [36mimport[39m type { [33mLocale[39m } [36mfrom[39m [32m'@/i18n'[39m[33m;[39m
[31m[1m>[22m[39m[90m 12 |[39m [36mimport[39m { validateProfileCompletionForm } [36mfrom[39m [32m'@/lib/utils'[39m[33m;[39m
 [90m    |[39m [31m[1m^[22m[39m[31m[1m^[22m[39m[31m[1m^[22m[39m[31m[1m^[22m[39m[31m[1m^[22m[39m[31m[1m^[22m[39m[31m[1m^[22m[39m[31m[1m^[22m[39m[31m[1m^[22m[39m[31m[1m^[22m[39m[31m[1m^[22m[39m[31m[1m^[22m[39m[31m[1m^[22m[39m[31m[1m^[22m[39m[31m[1m^[22m[39m[31m[1m^[22m[39m[31m[1m^[22m[39m[31m[1m^[22m[39m[31m[1m^[22m[39m[31m[1m^[22m[39m[31m[1m^[22m[39m[31m[1m^[22m[39m[31m[1m^[22m[39m[31m[1m^[22m[39m[31m[1m^[22m[39m[31m[1m^[22m[39m[31m[1m^[22m[39m[31m[1m^[22m[39m[31m[1m^[22m[39m[31m[1m^[22m[39m[31m[1m^[22m[39m[31m[1m^[22m[39m[31m[1m^[22m[39m[31m[1m^[22m[39m[31m[1m^[22m[39m[31m[1m^[22m[39m[31m[1m^[22m[39m[31m[1m^[22m[39m[31m[1m^[22m[39m[31m[1m^[22m[39m[31m[1m^[22m[39m[31m[1m^[22m[39m[31m[1m^[22m[39m[31m[1m^[22m[39m[31m[1m^[22m[39m[31m[1m^[22m[39m[31m[1m^[22m[39m[31m[1m^[22m[39m[31m[1m^[22m[39m[31m[1m^[22m[39m[31m[1m^[22m[39m[31m[1m^[22m[39m[31m[1m^[22m[39m[31m[1m^[22m[39m[31m[1m^[22m[39m[31m[1m^[22m[39m[31m[1m^[22m[39m[31m[1m^[22m[39m[31m[1m^[22m[39m[31m[1m^[22m[39m
 [90m 13 |[39m [36mimport[39m { completeUserProfile } [36mfrom[39m [32m'@/lib/auth'[39m[33m;[39m
 [90m 14 |[39m [36mimport[39m { useTranslations } [36mfrom[39m [32m'next-intl'[39m[33m;[39m
 [90m 15 |[39m[0m

The export validateProfileCompletionForm was not found in module [project]/src/lib/utils.ts [app-ssr] (ecmascript).
Did you mean to import downloadFileFromUrl?
All exports of the module are statically known (It doesn't have dynamic exports). So it's known statically that the requested export doesn't exist.


./src/components/auth/signup-form.tsx:11:1
Export validateSignupForm doesn't exist in target module
[0m [90m  9 |[39m [36mimport[39m { useAuth } [36mfrom[39m [32m'@/components/providers/auth-provider'[39m[33m;[39m
 [90m 10 |[39m [36mimport[39m type { [33mLocale[39m } [36mfrom[39m [32m'@/i18n'[39m[33m;[39m
[31m[1m>[22m[39m[90m 11 |[39m [36mimport[39m { validateSignupForm } [36mfrom[39m [32m'@/lib/utils'[39m[33m;[39m
 [90m    |[39m [31m[1m^[22m[39m[31m[1m^[22m[39m[31m[1m^[22m[39m[31m[1m^[22m[39m[31m[1m^[22m[39m[31m[1m^[22m[39m[31m[1m^[22m[39m[31m[1m^[22m[39m[31m[1m^[22m[39m[31m[1m^[22m[39m[31m[1m^[22m[39m[31m[1m^[22m[39m[31m[1m^[22m[39m[31m[1m^[22m[39m[31m[1m^[22m[39m[31m[1m^[22m[39m[31m[1m^[22m[39m[31m[1m^[22m[39m[31m[1m^[22m[39m[31m[1m^[22m[39m[31m[1m^[22m[39m[31m[1m^[22m[39m[31m[1m^[22m[39m[31m[1m^[22m[39m[31m[1m^[22m[39m[31m[1m^[22m[39m[31m[1m^[22m[39m[31m[1m^[22m[39m[31m[1m^[22m[39m[31m[1m^[22m[39m[31m[1m^[22m[39m[31m[1m^[22m[39m[31m[1m^[22m[39m[31m[1m^[22m[39m[31m[1m^[22m[39m[31m[1m^[22m[39m[31m[1m^[22m[39m[31m[1m^[22m[39m[31m[1m^[22m[39m[31m[1m^[22m[39m[31m[1m^[22m[39m[31m[1m^[22m[39m[31m[1m^[22m[39m[31m[1m^[22m[39m[31m[1m^[22m[39m[31m[1m^[22m[39m[31m[1m^[22m[39m[31m[1m^[22m[39m[31m[1m^[22m[39m
 [90m 12 |[39m [36mimport[39m { signupUser } [36mfrom[39m [32m'@/lib/auth'[39m[33m;[39m
 [90m 13 |[39m [36mimport[39m { cn } [36mfrom[39m [32m'@/lib/utils'[39m[33m;[39m
 [90m 14 |[39m [36mimport[39m { useTranslations } [36mfrom[39m [32m'next-intl'[39m[33m;[39m[0m

The export validateSignupForm was not found in module [project]/src/lib/utils.ts [app-client] (ecmascript).
Did you mean to import downloadFileFromUrl?
All exports of the module are statically known (It doesn't have dynamic exports). So it's known statically that the requested export doesn't exist.


./src/components/auth/signup-form.tsx:11:1
Export validateSignupForm doesn't exist in target module
[0m [90m  9 |[39m [36mimport[39m { useAuth } [36mfrom[39m [32m'@/components/providers/auth-provider'[39m[33m;[39m
 [90m 10 |[39m [36mimport[39m type { [33mLocale[39m } [36mfrom[39m [32m'@/i18n'[39m[33m;[39m
[31m[1m>[22m[39m[90m 11 |[39m [36mimport[39m { validateSignupForm } [36mfrom[39m [32m'@/lib/utils'[39m[33m;[39m
 [90m    |[39m [31m[1m^[22m[39m[31m[1m^[22m[39m[31m[1m^[22m[39m[31m[1m^[22m[39m[31m[1m^[22m[39m[31m[1m^[22m[39m[31m[1m^[22m[39m[31m[1m^[22m[39m[31m[1m^[22m[39m[31m[1m^[22m[39m[31m[1m^[22m[39m[31m[1m^[22m[39m[31m[1m^[22m[39m[31m[1m^[22m[39m[31m[1m^[22m[39m[31m[1m^[22m[39m[31m[1m^[22m[39m[31m[1m^[22m[39m[31m[1m^[22m[39m[31m[1m^[22m[39m[31m[1m^[22m[39m[31m[1m^[22m[39m[31m[1m^[22m[39m[31m[1m^[22m[39m[31m[1m^[22m[39m[31m[1m^[22m[39m[31m[1m^[22m[39m[31m[1m^[22m[39m[31m[1m^[22m[39m[31m[1m^[22m[39m[31m[1m^[22m[39m[31m[1m^[22m[39m[31m[1m^[22m[39m[31m[1m^[22m[39m[31m[1m^[22m[39m[31m[1m^[22m[39m[31m[1m^[22m[39m[31m[1m^[22m[39m[31m[1m^[22m[39m[31m[1m^[22m[39m[31m[1m^[22m[39m[31m[1m^[22m[39m[31m[1m^[22m[39m[31m[1m^[22m[39m[31m[1m^[22m[39m[31m[1m^[22m[39m[31m[1m^[22m[39m[31m[1m^[22m[39m[31m[1m^[22m[39m
 [90m 12 |[39m [36mimport[39m { signupUser } [36mfrom[39m [32m'@/lib/auth'[39m[33m;[39m
 [90m 13 |[39m [36mimport[39m { cn } [36mfrom[39m [32m'@/lib/utils'[39m[33m;[39m
 [90m 14 |[39m [36mimport[39m { useTranslations } [36mfrom[39m [32m'next-intl'[39m[33m;[39m[0m

The export validateSignupForm was not found in module [project]/src/lib/utils.ts [app-ssr] (ecmascript).
Did you mean to import downloadFileFromUrl?
All exports of the module are statically known (It doesn't have dynamic exports). So it's known statically that the requested export doesn't exist.


    at <unknown> (./src/components/publisher/publisher-profile.tsx:25:1)
    at <unknown> (./src/components/publisher/publisher-profile.tsx:25:1)
    at <unknown> (./src/components/store/asset-store.tsx:24:1)
    at <unknown> (./src/components/store/asset-store.tsx:24:1)
    at <unknown> (./src/lib/auth.ts:10:1)
    at <unknown> (./src/lib/auth.ts:10:1)
    at <unknown> (./src/lib/api/client/base.ts:10:1)
    at <unknown> (./src/lib/api/client/base.ts:10:1)
    at <unknown> (./src/components/auth/login-form.tsx:11:1)
    at <unknown> (./src/components/auth/login-form.tsx:11:1)
    at <unknown> (./src/components/auth/profile-completion-form.tsx:12:1)
    at <unknown> (./src/components/auth/profile-completion-form.tsx:12:1)
    at <unknown> (./src/components/auth/signup-form.tsx:11:1)
    at <unknown> (./src/components/auth/signup-form.tsx:11:1)
